14:33:16 T:139706010662720  NOTICE: special://profile/ is mapped to: special://masterprofile/
14:33:16 T:139706010662720  NOTICE: -----------------------------------------------------------------------
14:33:16 T:139706010662720  NOTICE: Starting XBMC (13.0-BETA4 Git:74ec17d-SifBoX). Platform: x86 Linux 64-bit
14:33:16 T:139706010662720  NOTICE: Using Release XBMC x64 build, compiled Apr  1 2014 by GCC 4.7.3 for x86 Linux 64-bit 3.14.0
14:33:16 T:139706010662720  NOTICE: Running on Linux 64-bit (SifBoX 1.2.2, 3.14.0 x86_64)
14:33:16 T:139706010662720  NOTICE: Host CPU: AMD Processor model unknown, 1 core available
14:33:16 T:139706010662720  NOTICE: special://xbmc/ is mapped to: /usr/share/xbmc
14:33:16 T:139706010662720  NOTICE: special://xbmcbin/ is mapped to: /usr/lib/xbmc
14:33:16 T:139706010662720  NOTICE: special://masterprofile/ is mapped to: /root/.xbmc/userdata
14:33:16 T:139706010662720  NOTICE: special://home/ is mapped to: /root/.xbmc
14:33:16 T:139706010662720  NOTICE: special://temp/ is mapped to: /root/.xbmc/temp
14:33:16 T:139706010662720  NOTICE: The executable running is: /usr/lib/xbmc/xbmc.bin
14:33:16 T:139706010662720  NOTICE: Local hostname: sifbox
14:33:16 T:139706010662720  NOTICE: Log File is located: /root/.xbmc/temp/xbmc.log
14:33:16 T:139706010662720  NOTICE: -----------------------------------------------------------------------
14:33:16 T:139706010662720   ERROR: DBus: Error org.freedesktop.DBus.Error.ServiceUnknown - The name org.freedesktop.UPower was not provided by any .service files
14:33:16 T:139706010662720   ERROR: DBus: Error org.freedesktop.DBus.Error.ServiceUnknown - The name org.freedesktop.login1 was not provided by any .service files
14:33:16 T:139706010662720   ERROR: Previous line repeats 4 times.
14:33:16 T:139706010662720 WARNING: LogindUPowerSyscall - failed to inhibit sleep delay lock
14:33:16 T:139706010662720  NOTICE: load settings...
14:33:16 T:139706010662720  NOTICE: Found 1 Lists of Devices
14:33:16 T:139706010662720  NOTICE: Enumerated ALSA devices:
14:33:16 T:139706010662720  NOTICE:     Device 1
14:33:16 T:139706010662720  NOTICE:         m_deviceName      : @:CARD=AudioPCI,DEV=0
14:33:16 T:139706010662720  NOTICE:         m_displayName     : Ensoniq AudioPCI
14:33:16 T:139706010662720  NOTICE:         m_displayNameExtra: ES1371 DAC2/ADC
14:33:16 T:139706010662720  NOTICE:         m_deviceType      : AE_DEVTYPE_PCM
14:33:16 T:139706010662720  NOTICE:         m_channels        : FL,FR
14:33:16 T:139706010662720  NOTICE:         m_sampleRates     : 48000
14:33:16 T:139706010662720  NOTICE:         m_dataFormats     : AE_FMT_S16NE,AE_FMT_S16LE
14:33:16 T:139706010662720 WARNING: CSkinSettings: no <skinsettings> tag found
14:33:16 T:139706010662720   ERROR: CDisplaySettings: settings file doesn't contain <resolutions>
14:33:16 T:139706010662720 WARNING: CViewStateSettings: no <viewstates> tag found
14:33:16 T:139706010662720  NOTICE: Loaded settings file from special://xbmc/system/advancedsettings.xml
14:33:16 T:139706010662720  NOTICE: Contents of special://xbmc/system/advancedsettings.xml are...
                                            <?xml version="1.0" encoding="UTF-8" ?>
                                            <advancedsettings>
                                              <splash>true</splash>
                                              <showexitbutton>true</showexitbutton>
                                              <cputempcommand>cputemp</cputempcommand>
                                              <gputempcommand>gputemp</gputempcommand>
                                              <video>
                                                <latency>
                                                  <delay>0</delay>
                                                  <refresh>
                                                    <min>20</min>
                                                    <max>24</max>
                                                    <delay>175</delay>
                                                  </refresh>
                                                </latency>
                                              </video>
                                              <samba>
                                                <clienttimeout>30</clienttimeout>
                                              </samba>
                                            </advancedsettings>
14:33:16 T:139706010662720  NOTICE: Loaded settings file from special://profile/advancedsettings.xml
14:33:16 T:139706010662720  NOTICE: Contents of special://profile/advancedsettings.xml are...
                                            <advancedsettings>
                                              <useddsfanart>true</useddsfanart>
                                              <showexitbutton>false</showexitbutton>
                                              <cputempcommand>sed -e &apos;s/\([0-9]*\)[0-9]\{3\}.*/\1 C/&apos; /sys/class/thermal/thermal_zone0/temp</cputempcommand>
                                              <samba>
                                                <clienttimeout>10</clienttimeout>
                                              </samba>
                                              <fullscreen>true</fullscreen>
                                            </advancedsettings>
14:33:16 T:139706010662720  NOTICE: Default DVD Player: dvdplayer
14:33:16 T:139706010662720  NOTICE: Default Video Player: dvdplayer
14:33:16 T:139706010662720  NOTICE: Default Audio Player: paplayer
14:33:16 T:139706010662720  NOTICE: Disabled debug logging due to GUI setting. Level 0.
14:33:16 T:139706010662720  NOTICE: Log level changed to 0
14:33:16 T:139706010662720  NOTICE: CMediaSourceSettings: loading media sources from special://masterprofile/sources.xml
14:33:16 T:139706010662720  NOTICE: Loading player core factory settings from special://xbmc/system/playercorefactory.xml.
14:33:16 T:139706010662720  NOTICE: Loaded playercorefactory configuration
14:33:16 T:139706010662720  NOTICE: Loading player core factory settings from special://masterprofile/playercorefactory.xml.
14:33:16 T:139706010662720  NOTICE: special://masterprofile/playercorefactory.xml does not exist. Skipping.
14:33:16 T:139706010662720   ERROR: CSettingsManager: unable to load settings from special://masterprofile/guisettings.xml, creating new default settings
14:33:16 T:139706010662720  NOTICE: Loaded settings file from special://xbmc/system/advancedsettings.xml
14:33:16 T:139706010662720  NOTICE: Contents of special://xbmc/system/advancedsettings.xml are...
                                            <?xml version="1.0" encoding="UTF-8" ?>
                                            <advancedsettings>
                                              <splash>true</splash>
                                              <showexitbutton>true</showexitbutton>
                                              <cputempcommand>cputemp</cputempcommand>
                                              <gputempcommand>gputemp</gputempcommand>
                                              <video>
                                                <latency>
                                                  <delay>0</delay>
                                                  <refresh>
                                                    <min>20</min>
                                                    <max>24</max>
                                                    <delay>175</delay>
                                                  </refresh>
                                                </latency>
                                              </video>
                                              <samba>
                                                <clienttimeout>30</clienttimeout>
                                              </samba>
                                            </advancedsettings>
14:33:16 T:139706010662720  NOTICE: Loaded settings file from special://profile/advancedsettings.xml
14:33:16 T:139706010662720  NOTICE: Contents of special://profile/advancedsettings.xml are...
                                            <advancedsettings>
                                              <useddsfanart>true</useddsfanart>
                                              <showexitbutton>false</showexitbutton>
                                              <cputempcommand>sed -e &apos;s/\([0-9]*\)[0-9]\{3\}.*/\1 C/&apos; /sys/class/thermal/thermal_zone0/temp</cputempcommand>
                                              <samba>
                                                <clienttimeout>10</clienttimeout>
                                              </samba>
                                              <fullscreen>true</fullscreen>
                                            </advancedsettings>
14:33:16 T:139706010662720  NOTICE: Default DVD Player: dvdplayer
14:33:16 T:139706010662720  NOTICE: Default Video Player: dvdplayer
14:33:16 T:139706010662720  NOTICE: Default Audio Player: paplayer
14:33:16 T:139706010662720  NOTICE: Disabled debug logging due to GUI setting. Level 0.
14:33:16 T:139706010662720  NOTICE: Log level changed to 0
14:33:16 T:139706010662720  NOTICE: CMediaSourceSettings: loading media sources from special://masterprofile/sources.xml
14:33:16 T:139706010662720  NOTICE: Loading player core factory settings from special://xbmc/system/playercorefactory.xml.
14:33:16 T:139706010662720  NOTICE: Loaded playercorefactory configuration
14:33:16 T:139706010662720  NOTICE: Loading player core factory settings from special://masterprofile/playercorefactory.xml.
14:33:16 T:139706010662720  NOTICE: special://masterprofile/playercorefactory.xml does not exist. Skipping.
14:33:16 T:139705796171520  NOTICE: Thread ActiveAE start, auto delete: false
14:33:16 T:139705787778816  NOTICE: Thread AESink start, auto delete: false
14:33:16 T:139706010662720  NOTICE: ADDONS: Using repository repository.xbmc.org
14:33:16 T:139705770206976  NOTICE: Thread PeripBusCEC start, auto delete: false
14:33:16 T:139705555351296  NOTICE: Thread PeripBusUSBUdev start, auto delete: false
14:33:16 T:139706010662720  NOTICE: Setup SDL
14:33:16 T:139706010662720  NOTICE: Checking resolution 16
14:33:17 T:139706010662720 WARNING: CWinEventsX11::Init - no input method found
14:33:17 T:139706010662720  NOTICE: Using visual 0x10f
14:33:17 T:139706010662720  NOTICE: GL_VENDOR = VMware, Inc.
14:33:17 T:139706010662720  NOTICE: GL_RENDERER = Gallium 0.4 on llvmpipe (LLVM 3.4, 128 bits)
14:33:17 T:139706010662720  NOTICE: GL_VERSION = 2.1 Mesa 10.0.3
14:33:17 T:139706010662720  NOTICE: GL_SHADING_LANGUAGE_VERSION = 1.30
14:33:17 T:139706010662720  NOTICE: GL_EXTENSIONS = GL_ARB_multisample GL_EXT_abgr GL_EXT_bgra GL_EXT_blend_color GL_EXT_blend_minmax GL_EXT_blend_subtract GL_EXT_copy_texture GL_EXT_polygon_offset GL_EXT_subtexture GL_EXT_texture_object GL_EXT_vertex_array GL_EXT_compiled_vertex_array GL_EXT_texture GL_EXT_texture3D GL_IBM_rasterpos_clip GL_ARB_point_parameters GL_EXT_draw_range_elements GL_EXT_packed_pixels GL_EXT_point_parameters GL_EXT_rescale_normal GL_EXT_separate_specular_color GL_EXT_texture_edge_clamp GL_SGIS_generate_mipmap GL_SGIS_texture_border_clamp GL_SGIS_texture_edge_clamp GL_SGIS_texture_lod GL_ARB_framebuffer_sRGB GL_ARB_multitexture GL_EXT_framebuffer_sRGB GL_IBM_multimode_draw_arrays GL_IBM_texture_mirrored_repeat GL_ARB_texture_cube_map GL_ARB_texture_env_add GL_ARB_transpose_matrix GL_EXT_blend_func_separate GL_EXT_fog_coord GL_EXT_multi_draw_arrays GL_EXT_secondary_color GL_EXT_texture_env_add GL_EXT_texture_lod_bias GL_INGR_blend_func_separate GL_NV_blend_square GL_NV_light_max_exponent GL_NV_texgen_reflection GL_NV_texture_env_combine4 GL_SUN_multi_draw_arrays GL_ARB_texture_border_clamp GL_ARB_texture_compression GL_EXT_framebuffer_object GL_EXT_texture_env_combine GL_EXT_texture_env_dot3 GL_MESA_window_pos GL_NV_packed_depth_stencil GL_NV_texture_rectangle GL_ARB_depth_texture GL_ARB_occlusion_query GL_ARB_shadow GL_ARB_texture_env_combine GL_ARB_texture_env_crossbar GL_ARB_texture_env_dot3 GL_ARB_texture_mirrored_repeat GL_ARB_window_pos GL_EXT_stencil_two_side GL_EXT_texture_cube_map GL_NV_depth_clamp GL_NV_fog_distance GL_APPLE_packed_pixels GL_APPLE_vertex_array_object GL_ARB_draw_buffers GL_ARB_fragment_program GL_ARB_fragment_shader GL_ARB_shader_objects GL_ARB_vertex_program GL_ARB_vertex_shader GL_ATI_draw_buffers GL_ATI_texture_env_combine3 GL_ATI_texture_float GL_EXT_shadow_funcs GL_EXT_stencil_wrap GL_MESA_pack_invert GL_MESA_ycbcr_texture GL_NV_primitive_restart GL_ARB_depth_clamp GL_ARB_fragment_program_shadow GL_ARB_half_float_pixel GL_ARB_occlusion_query2 GL_ARB_point_sprite GL_ARB_shading_language_100 GL_ARB_sync GL_ARB_texture_non_power_of_two GL_ARB_vertex_buffer_object GL_ATI_blend_equation_separate GL_EXT_blend_equation_separate GL_OES_read_format GL_ARB_color_buffer_float GL_ARB_pixel_buffer_object GL_ARB_texture_compression_rgtc GL_ARB_texture_float GL_ARB_texture_rectangle GL_ATI_texture_compression_3dc GL_EXT_packed_float GL_EXT_pixel_buffer_object GL_EXT_texture_compression_rgtc GL_EXT_texture_mirror_clamp GL_EXT_texture_rectangle GL_EXT_texture_sRGB GL_EXT_texture_shared_exponent GL_ARB_framebuffer_object GL_EXT_framebuffer_blit GL_EXT_packed_depth_stencil GL_ARB_vertex_array_object GL_ATI_separate_stencil GL_ATI_texture_mirror_once GL_EXT_draw_buffers2 GL_EXT_draw_instanced GL_EXT_gpu_program_parameters GL_EXT_texture_array GL_EXT_texture_compression_latc GL_EXT_texture_integer GL_EXT_texture_sRGB_decode GL_EXT_timer_query GL_OES_EGL_image GL_MESA_texture_array GL_ARB_copy_buffer GL_ARB_depth_buffer_float GL_ARB_draw_instanced GL_ARB_half_float_vertex GL_ARB_instanced_arrays GL_ARB_map_buffer_range GL_ARB_texture_rg GL_ARB_texture_swizzle GL_ARB_vertex_array_bgra GL_EXT_texture_swizzle GL_EXT_vertex_array_bgra GL_NV_conditional_render GL_AMD_conservative_depth GL_AMD_draw_buffers_blend GL_AMD_seamless_cubemap_per_texture GL_ARB_ES2_compatibility GL_ARB_blend_func_extended GL_ARB_debug_output GL_ARB_draw_buffers_blend GL_ARB_draw_elements_base_vertex GL_ARB_explicit_attrib_location GL_ARB_fragment_coord_conventions GL_ARB_provoking_vertex GL_ARB_sampler_objects GL_ARB_seamless_cube_map GL_ARB_shader_texture_lod GL_ARB_texture_rgb10_a2ui GL_ARB_uniform_buffer_object GL_ARB_vertex_type_2_10_10_10_rev GL_EXT_provoking_vertex GL_EXT_texture_snorm GL_MESA_texture_signed_rgba GL_ARB_get_program_binary GL_ARB_robustness GL_ARB_shader_bit_encoding GL_ARB_timer_query GL_ARB_transform_feedback2 GL_ARB_transform_feedback3 GL_NV_vdpau_interop GL_ARB_conservative_depth GL_ARB_internalformat_query GL_ARB_shading_language_420pack GL_ARB_shading_language_packing GL_ARB_texture_storage GL_ARB_transform_feedback_instanced GL_EXT_transform_feedback GL_ARB_invalidate_subdata GL_ARB_vertex_attrib_binding GL_KHR_debug GL_ARB_texture_mirror_clamp_to_edge GL_ARB_vertex_type_10f_11f_11f_rev
14:33:17 T:139706010662720  NOTICE: No Joystick name specified, loading default map
14:33:17 T:139706010662720  NOTICE: Previous line repeats 35 times.
14:33:17 T:139706010662720  NOTICE: Running database version Addons16
14:33:17 T:139706010662720  NOTICE: start dvd mediatype detection
14:33:17 T:139706010662720  NOTICE: initializing playlistplayer
14:33:17 T:139706010662720  NOTICE: DONE initializing playlistplayer
14:33:17 T:139706008827648  NOTICE: Thread DetectDVDMedia start, auto delete: false
14:33:17 T:139706008827648 WARNING: Filesystem is not supported
14:33:17 T:139706010662720 WARNING: JSONRPC: Could not parse type "GUI.Property.Value"
14:33:17 T:139706010662720 WARNING: JSONRPC: Could not parse type "Setting.Details.SettingList"
14:33:17 T:139706010662720  NOTICE: initialize done
14:33:17 T:139706010662720  NOTICE: Running the application...
14:33:17 T:139705421133568  NOTICE: Thread LanguageInvoker start, auto delete: false
14:33:17 T:139705421133568  NOTICE: -->Python Interpreter Initialized<--
14:33:17 T:139705396143872  NOTICE: Thread JobWorker start, auto delete: true
14:33:17 T:139706010662720  NOTICE: starting zeroconf publishing
14:33:17 T:139706010662720  NOTICE: Webserver: Starting...
14:33:17 T:139706010662720  NOTICE: WebServer: Started the webserver
14:33:17 T:139706010662720  NOTICE: starting upnp renderer
14:33:17 T:139705387751168  NOTICE: Thread JobWorker start, auto delete: true
14:33:17 T:139706010662720  NOTICE: ES: Starting event server
14:33:17 T:139705177843456  NOTICE: Thread AlarmClock start, auto delete: false
14:33:17 T:139705186236160  NOTICE: Thread JobWorker start, auto delete: true
14:33:17 T:139705194628864  NOTICE: Thread TCPServer start, auto delete: false
14:33:17 T:139705203021568  NOTICE: Thread EventServer start, auto delete: false
14:33:17 T:139705203021568  NOTICE: ES: Starting UDP Event server on 0.0.0.0:9777
14:33:17 T:139705203021568  NOTICE: UDP: Listening on port 9777
14:33:17 T:139705756763904  NOTICE: Thread RSSReader start, auto delete: false
14:33:18 T:139705169450752  NOTICE: Thread FileCache start, auto delete: false
14:33:23 T:139705018480384  NOTICE: Previous line repeats 7 times.
14:33:23 T:139705018480384  NOTICE: Thread JobWorker start, auto delete: true
14:33:23 T:139705169450752  NOTICE: Thread FileCache start, auto delete: false
14:33:31 T:139705169450752  NOTICE: Previous line repeats 11 times.
14:33:31 T:139705169450752  NOTICE: Thread LanguageInvoker start, auto delete: false
14:33:31 T:139705169450752  NOTICE: -->Python Interpreter Initialized<--
14:34:01 T:139705169450752  NOTICE: Thread LanguageInvoker start, auto delete: false
14:34:01 T:139705169450752  NOTICE: -->Python Interpreter Initialized<--
